[debug] [2025-06-05T15:20:34.009Z] ----------------------------------------------------------------------
[debug] [2025-06-05T15:20:34.010Z] Command:       /home/ossh/.nvm/versions/node/v22.16.0/bin/node /usr/local/bin/firebase login:ci
[debug] [2025-06-05T15:20:34.011Z] CLI Version:   14.5.1
[debug] [2025-06-05T15:20:34.011Z] Platform:      linux
[debug] [2025-06-05T15:20:34.011Z] Node Version:  v22.16.0
[debug] [2025-06-05T15:20:34.011Z] Time:          Thu Jun 05 2025 17:20:34 GMT+0200 (Central European Summer Time)
[debug] [2025-06-05T15:20:34.011Z] ----------------------------------------------------------------------
[debug] 
[warn] ⚠  Authenticating with a `login:ci` token is deprecated and will be removed in a future major version of `firebase-tools`. Instead, use a service account key with `GOOGLE_APPLICATION_CREDENTIALS`: https://cloud.google.com/docs/authentication/getting-started 
[info] 
[info] Visit this URL on this device to log in:
[info] https://accounts.google.com/o/oauth2/auth?client_id=563584335869-fgrhgmd47bqnekij5i8b5pr03ho849e6.apps.googleusercontent.com&scope=email%20openid%20https%3A%2F%2Fwww.googleapis.com%2Fauth%2Fcloudplatformprojects.readonly%20https%3A%2F%2Fwww.googleapis.com%2Fauth%2Ffirebase%20https%3A%2F%2Fwww.googleapis.com%2Fauth%2Fcloud-platform&response_type=code&state=793905729&redirect_uri=http%3A%2F%2Flocalhost%3A9005
[info] 
[info] Waiting for authentication...
[debug] [2025-06-05T15:20:39.471Z] ----------------------------------------------------------------------
[debug] [2025-06-05T15:20:39.472Z] Command:       /home/ossh/.nvm/versions/node/v22.16.0/bin/node /usr/local/bin/firebase login:ci
[debug] [2025-06-05T15:20:39.472Z] CLI Version:   14.5.1
[debug] [2025-06-05T15:20:39.472Z] Platform:      linux
[debug] [2025-06-05T15:20:39.473Z] Node Version:  v22.16.0
[debug] [2025-06-05T15:20:39.473Z] Time:          Thu Jun 05 2025 17:20:39 GMT+0200 (Central European Summer Time)
[debug] [2025-06-05T15:20:39.473Z] ----------------------------------------------------------------------
[debug] 
[warn] ⚠  Authenticating with a `login:ci` token is deprecated and will be removed in a future major version of `firebase-tools`. Instead, use a service account key with `GOOGLE_APPLICATION_CREDENTIALS`: https://cloud.google.com/docs/authentication/getting-started 
[info] 
[info] Visit this URL on this device to log in:
[info] https://accounts.google.com/o/oauth2/auth?client_id=563584335869-fgrhgmd47bqnekij5i8b5pr03ho849e6.apps.googleusercontent.com&scope=email%20openid%20https%3A%2F%2Fwww.googleapis.com%2Fauth%2Fcloudplatformprojects.readonly%20https%3A%2F%2Fwww.googleapis.com%2Fauth%2Ffirebase%20https%3A%2F%2Fwww.googleapis.com%2Fauth%2Fcloud-platform&response_type=code&state=534678131&redirect_uri=http%3A%2F%2Flocalhost%3A9005
[info] 
[info] Waiting for authentication...
[debug] [2025-06-05T15:21:03.192Z] >>> [apiv2][query] POST https://accounts.google.com/o/oauth2/token [none]
[debug] [2025-06-05T15:21:03.192Z] >>> [apiv2][body] POST https://accounts.google.com/o/oauth2/token [omitted]
[debug] [2025-06-05T15:21:03.474Z] *** [apiv2] error from fetch(https://accounts.google.com/o/oauth2/token, {"headers":{},"method":"POST","body":{"_overheadLength":543,"_valueLength":208,"_valuesToMeasure":[],"writable":false,"readable":true,"dataSize":0,"maxDataSize":2097152,"pauseStreams":true,"_released":true,"_streams":[],"_currentStream":null,"_insideLoop":false,"_pendingNext":false,"_boundary":"--------------------------094617082924814184673500","_events":{},"_eventsCount":1}}): FetchError: request to https://accounts.google.com/o/oauth2/token failed, reason: 
[debug] [2025-06-05T15:21:03.474Z] Token Fetch Error: FirebaseError: Failed to make request to https://accounts.google.com/o/oauth2/token
    at RetryOperation._fn (/usr/local/lib/node_modules/firebase-tools/lib/apiv2.js:261:31)
    at process.processTicksAndRejections (node:internal/process/task_queues:105:5)
[error] Authentication Error: Your credentials are no longer valid. Please run firebase login --reauth

For CI servers and headless environments, generate a new token with firebase login:ci
[debug] [2025-06-05T15:21:03.477Z] >>> [apiv2][query] POST https://auth.firebase.tools/attest [none]
[debug] [2025-06-05T15:21:03.478Z] >>> [apiv2][body] POST https://auth.firebase.tools/attest {"session_id":"f5db24a0-b41b-44fa-a4e2-d0819eecc7c2"}
[debug] [2025-06-05T15:21:04.923Z] <<< [apiv2][status] POST https://auth.firebase.tools/attest 200
[debug] [2025-06-05T15:21:04.923Z] <<< [apiv2][body] POST https://auth.firebase.tools/attest {"token":"kDOxa1gb5AI_wVWWmYoNtgtH1RYJAa0o6XuzCmW_BPY"}
[info] 
[info] To sign in to the Firebase CLI:
[info] 
[info] 1. Take note of your session ID:
[info] 
[info]    F5DB2
[info] 
[info] 2. Visit the URL below on any device and follow the instructions to get your code:
[info] 
[info]    https://auth.firebase.tools/login?code_challenge=RFtqAZ_Vg0gXfS2nS0FVj2kIEHteP0LSVLAoABiE_uA&session=f5db24a0-b41b-44fa-a4e2-d0819eecc7c2&attest=kDOxa1gb5AI_wVWWmYoNtgtH1RYJAa0o6XuzCmW_BPY
[info] 
[info] 3. Paste or enter the authorization code below once you have it:
[info] 
